生成启动时间为 2015-9-21 20:08:15。
     1>项目“D:\罗宽怀\VS\多线程\Draw\Draw\Draw.vcxproj”在节点 2 上(build 个目标)。
     1>InitializeBuildStatus:
         正在创建“Debug\Draw.unsuccessfulbuild”，因为已指定“AlwaysCreate”。
       ClCompile:
         所有输出均为最新。
         f:\tool\VS2010\VC\bin\CL.exe /c /ZI /nologo /W3 /WX- /Od /Oy- /D WIN32 /D _WINDOWS /D _DEBUG /D _UNICODE /D UNICODE /D _AFXDLL /Gm /EHsc /RTC1 /MDd /GS /fp:precise /Zc:wchar_t /Zc:forScope /Yu"StdAfx.h" /Fp"Debug\Draw.pch" /Fo"Debug\\" /Fd"Debug\vc100.pdb" /Gd /TP /analyze- /errorReport:prompt MainView.cpp
         MainView.cpp
       ResourceCompile:
         所有输出均为最新。
       ManifestResourceCompile:
         所有输出均为最新。
       Link:
         f:\tool\VS2010\VC\bin\link.exe /ERRORREPORT:PROMPT /OUT:"D:\罗宽怀\VS\多线程\Draw\Debug\Draw.exe" /INCREMENTAL /NOLOGO /MANIFEST /ManifestFile:"Debug\Draw.exe.intermediate.manifest" /MANIFESTUAC:"level='asInvoker' uiAccess='false'" /DEBUG /PDB:"D:\罗宽怀\VS\多线程\Draw\Debug\Draw.pdb" /SUBSYSTEM:WINDOWS /TLBID:1 /ENTRY:"wWinMainCRTStartup" /DYNAMICBASE /NXCOMPAT /IMPLIB:"D:\罗宽怀\VS\多线程\Draw\Debug\Draw.lib" /MACHINE:X86 Debug\Draw.res
         Debug\Draw.exe.embed.manifest.res
         Debug\ChildFrm.obj
         Debug\DFTView.obj
         Debug\Draw.obj
         Debug\DrawDoc.obj
         Debug\DrawView.obj
         Debug\MainDoc.obj
         Debug\MainFrm.obj
         Debug\MainThread.obj
         Debug\MainView.obj
         Debug\ProsDlg.obj
         Debug\stdafx.obj
         Debug\ViewThread.obj
       Manifest:
         C:\Program Files\Microsoft SDKs\Windows\v7.0A\bin\mt.exe /nologo /verbose /out:"Debug\Draw.exe.embed.manifest" /manifest Debug\Draw.exe.intermediate.manifest f:\tool\VS2010\VC\Include\Manifest\dpiaware.manifest
         所有输出均为最新。
       LinkEmbedManifest:
         所有输出均为最新。
         Draw.vcxproj -> D:\罗宽怀\VS\多线程\Draw\Debug\Draw.exe
       FinalizeBuildStatus:
         正在删除文件“Debug\Draw.unsuccessfulbuild”。
         正在对“Debug\Draw.lastbuildstate”执行 Touch 任务。
     1>已完成生成项目“D:\罗宽怀\VS\多线程\Draw\Draw\Draw.vcxproj”(build 个目标)的操作。

生成成功。

已用时间 00:00:01.43
